<?xml version="1.0" encoding="utf-8"?><testsuites name="pytest tests"><testsuite name="pytest" errors="0" failures="0" skipped="0" tests="12" time="1.761" timestamp="2026-06-06T07:59:39.315594+00:00" hostname="agent-env-eb8a77b9-b5a3-4520-87ef-bc6142c38e48"><testcase classname="backend.tests.test_carhire_api.TestHealth" name="test_health_ok_email_not_configured" time="0.266" /><testcase classname="backend.tests.test_carhire_api.TestQuote" name="test_quote_weekday_only_three_days" time="0.137" /><testcase classname="backend.tests.test_carhire_api.TestQuote" name="test_quote_weekend_package_fri_to_mon" time="0.100" /><testcase classname="backend.tests.test_carhire_api.TestQuote" name="test_quote_friday_short_one_day" time="0.150" /><testcase classname="backend.tests.test_carhire_api.TestQuote" name="test_quote_friday_long_not_weekend_pkg" time="0.137" /><testcase classname="backend.tests.test_carhire_api.TestQuote" name="test_quote_invalid_dates_return_before_pickup" time="0.150" /><testcase classname="backend.tests.test_carhire_api.TestQuote" name="test_quote_same_day" time="0.097" /><testcase classname="backend.tests.test_carhire_api.TestBookings" name="test_create_booking_persists_and_email_not_sent" time="0.232" /><testcase classname="backend.tests.test_carhire_api.TestBookings" name="test_create_booking_weekend_package" time="0.129" /><testcase classname="backend.tests.test_carhire_api.TestBookings" name="test_create_booking_invalid_dates" time="0.096" /><testcase classname="backend.tests.test_carhire_api.TestBookings" name="test_create_booking_invalid_email_422" time="0.103" /><testcase classname="backend.tests.test_carhire_api.TestBookings" name="test_list_bookings_sorted_desc" time="0.092" /></testsuite></testsuites>